<?xml version="1.0" encoding="UTF-8"?>
<!-- Generated by org.testng.reporters.JUnitReportReporter -->
<testsuite hostname="DESKTOP-28H5MQ7" failures="0" tests="1" name="pruebaSelenium.NewTest" time="6.875" errors="0" timestamp="2023-09-30T10:40:39 CST" skipped="0">
  <testcase classname="pruebaSelenium.NewTest" name="f" time="6.875"/>
  <system-out/>
</testsuite> <!-- pruebaSelenium.NewTest -->
